#
# There is insufficient memory for the Java Runtime Environment to continue.
# Native memory allocation (malloc) failed to allocate 1048576 bytes for AllocateHeap
# Possible reasons:
#   The system is out of physical RAM or swap space
#   The process is running with CompressedOops enabled, and the Java Heap may be blocking the growth of the native heap
# Possible solutions:
#   Reduce memory load on the system
#   Increase physical memory or swap space
#   Check if swap backing store is full
#   Decrease Java heap size (-Xmx/-Xms)
#   Decrease number of Java threads
#   Decrease Java thread stack sizes (-Xss)
#   Set larger code cache with -XX:ReservedCodeCacheSize=
# This output file may be truncated or incomplete.
#
#  Out of Memory Error (c:/BuildAgent/work/1eae4dac1d648407/src/hotspot/share/memory/allocation.cpp:46), pid=8888, tid=3084
#
# JRE version:  (11.0.6+8) (build )
# Java VM: OpenJDK 64-Bit Server VM (11.0.6+8-b765.40, mixed mode, sharing, tiered, compressed oops, g1 gc, windows-amd64)
# No core dump will be written. Minidumps are not enabled by default on client versions of Windows
#

---------------  S U M M A R Y ------------

Command Line: org.jetbrains.git4idea.http.GitAskPassApp Username for 'https://github.com': 

Host: Intel(R) Core(TM) i5-2520M CPU @ 2.50GHz, 4 cores, 3G,  Windows 7 , 64 bit Build 7601 (6.1.7601.24384)
Time: Wed Nov 25 16:45:14 2020 ?D1ú±ê×?ê±?? elapsed time: 0 seconds (0d 0h 0m 0s)

---------------  T H R E A D  ---------------

Current thread (0x0000000000315000):  JavaThread "Unknown thread" [_thread_in_vm, id=3084, stack(0x0000000002290000,0x0000000002390000)]

Stack: [0x0000000002290000,0x0000000002390000]
Native frames: (J=compiled Java code, j=interpreted, Vv=VM code, C=native code)
V  [jvm.dll+0x5ddf9a]
V  [jvm.dll+0x710ae5]
V  [jvm.dll+0x712005]
V  [jvm.dll+0x7126b3]
V  [jvm.dll+0x23e718]
V  [jvm.dll+0xb0224]
V  [jvm.dll+0x2dda62]
V  [jvm.dll+0x2d6a9a]
V  [jvm.dll+0x6ef8a7]
V  [jvm.dll+0x6f109c]
V  [jvm.dll+0x355b29]
V  [jvm.dll+0x6d4a7e]
V  [jvm.dll+0x3bf053]
V  [jvm.dll+0x3c15d1]
C  [jli.dll+0x5363]
C  [ucrtbase.DLL+0x1c1ae]
C  [kernel32.dll+0x1570d]
C  [ntdll.dll+0x5385d]


---------------  P R O C E S S  ---------------

Threads class SMR info:
_java_thread_list=0x00000000002f43a0, length=0, elements={
}

Java Threads: ( => current thread )

Other Threads:
  0x000000000032e800 GCTaskThread "GC Thread#0" [stack: 0x0000000015930000,0x0000000015a30000] [id=8936]

[error occurred during error reporting (printing all threads), id 0xc0000005, EXCEPTION_ACCESS_VIOLATION (0xc0000005) at pc=0x000007fee25e2dc0]

VM state:not at safepoint (not fully initialized)

VM Mutex/Monitor currently owned by a thread:  ([mutex/lock_event])
[0x0000000000312a50] Heap_lock - owner thread: 0x0000000000315000

Heap address: 0x00000000c1c00000, size: 996 MB, Compressed Oops mode: Non-zero based: 0x00000000c1c00000
Narrow klass base: 0x0000000000000000, Narrow klass shift: 0

GC Heap History (0 events):
No events

Deoptimization events (0 events):
No events

Classes redefined (0 events):
No events

Internal exceptions (0 events):
No events

Events (2 events):
Event: 0.011 Loaded shared library D:\software\ideal\IntelliJ IDEA 2020.1.1\jbr\bin\zip.dll
Event: 0.012 Loaded shared library D:\software\ideal\IntelliJ IDEA 2020.1.1\jbr\bin\jimage.dll


Dynamic libraries:
0x000000013f850000 - 0x000000013f85a000 	D:\software\ideal\IntelliJ IDEA 2020.1.1\jbr\bin\java.exe
0x0000000077640000 - 0x00000000777df000 	C:\Windows\SYSTEM32\ntdll.dll
0x0000000076e00000 - 0x0000000076f1f000 	C:\Windows\system32\kernel32.dll
0x000007fefdad0000 - 0x000007fefdb3a000 	C:\Windows\system32\KERNELBASE.dll
0x000007fef0880000 - 0x000007fef0899000 	D:\software\ideal\IntelliJ IDEA 2020.1.1\jbr\bin\jli.dll
0x000007fefbec0000 - 0x000007fefc0b4000 	C:\Windows\WinSxS\amd64_microsoft.windows.common-controls_6595b64144ccf1df_6.0.7601.18837_none_fa3b1e3d17594757\COMCTL32.dll
0x000007feff890000 - 0x000007feff92f000 	C:\Windows\system32\msvcrt.dll
0x000007fefe380000 - 0x000007fefe3e7000 	C:\Windows\system32\GDI32.dll
0x0000000076f20000 - 0x000000007701a000 	C:\Windows\system32\USER32.dll
0x000007fefe6e0000 - 0x000007fefe6ee000 	C:\Windows\system32\LPK.dll
0x000007fefe610000 - 0x000007fefe6d9000 	C:\Windows\system32\USP10.dll
0x000007fefe590000 - 0x000007fefe601000 	C:\Windows\system32\SHLWAPI.dll
0x000007fef2170000 - 0x000007fef2187000 	D:\software\ideal\IntelliJ IDEA 2020.1.1\jbr\bin\VCRUNTIME140.dll
0x000007fefa8c0000 - 0x000007fefa8c4000 	D:\software\ideal\IntelliJ IDEA 2020.1.1\jbr\bin\api-ms-win-crt-runtime-l1-1-0.dll
0x000007feeebf0000 - 0x000007feeecea000 	D:\software\ideal\IntelliJ IDEA 2020.1.1\jbr\bin\ucrtbase.DLL
0x000007fef2160000 - 0x000007fef2163000 	D:\software\ideal\IntelliJ IDEA 2020.1.1\jbr\bin\api-ms-win-core-localization-l1-2-0.dll
0x000007fef3560000 - 0x000007fef3563000 	D:\software\ideal\IntelliJ IDEA 2020.1.1\jbr\bin\api-ms-win-core-processthreads-l1-1-1.dll
0x000007fef2150000 - 0x000007fef2153000 	D:\software\ideal\IntelliJ IDEA 2020.1.1\jbr\bin\api-ms-win-core-file-l1-2-0.dll
0x000007fef2140000 - 0x000007fef2143000 	D:\software\ideal\IntelliJ IDEA 2020.1.1\jbr\bin\api-ms-win-core-timezone-l1-1-0.dll
0x000007fef2130000 - 0x000007fef2133000 	D:\software\ideal\IntelliJ IDEA 2020.1.1\jbr\bin\api-ms-win-core-file-l2-1-0.dll
0x000007fef2120000 - 0x000007fef2123000 	D:\software\ideal\IntelliJ IDEA 2020.1.1\jbr\bin\api-ms-win-core-synch-l1-2-0.dll
0x000007fef2110000 - 0x000007fef2114000 	D:\software\ideal\IntelliJ IDEA 2020.1.1\jbr\bin\api-ms-win-crt-string-l1-1-0.dll
0x000007fef2100000 - 0x000007fef2103000 	D:\software\ideal\IntelliJ IDEA 2020.1.1\jbr\bin\api-ms-win-crt-heap-l1-1-0.dll
0x000007fef0e00000 - 0x000007fef0e04000 	D:\software\ideal\IntelliJ IDEA 2020.1.1\jbr\bin\api-ms-win-crt-stdio-l1-1-0.dll
0x000007fef0d80000 - 0x000007fef0d84000 	D:\software\ideal\IntelliJ IDEA 2020.1.1\jbr\bin\api-ms-win-crt-convert-l1-1-0.dll
0x000007fef0d70000 - 0x000007fef0d73000 	D:\software\ideal\IntelliJ IDEA 2020.1.1\jbr\bin\api-ms-win-crt-environment-l1-1-0.dll
0x000007fef0d60000 - 0x000007fef0d63000 	D:\software\ideal\IntelliJ IDEA 2020.1.1\jbr\bin\api-ms-win-crt-filesystem-l1-1-0.dll
0x000007fef0d50000 - 0x000007fef0d55000 	D:\software\ideal\IntelliJ IDEA 2020.1.1\jbr\bin\api-ms-win-crt-math-l1-1-0.dll
0x000007fef0d40000 - 0x000007fef0d43000 	D:\software\ideal\IntelliJ IDEA 2020.1.1\jbr\bin\api-ms-win-crt-locale-l1-1-0.dll
0x000007fefe1b0000 - 0x000007fefe1de000 	C:\Windows\system32\IMM32.DLL
0x000007feff480000 - 0x000007feff589000 	C:\Windows\system32\MSCTF.dll
0x000007fef0ca0000 - 0x000007fef0d3d000 	D:\software\ideal\IntelliJ IDEA 2020.1.1\jbr\bin\msvcp140.dll
0x000007fef0c90000 - 0x000007fef0c95000 	D:\software\ideal\IntelliJ IDEA 2020.1.1\jbr\bin\api-ms-win-crt-multibyte-l1-1-0.dll
0x000007fef0c80000 - 0x000007fef0c83000 	D:\software\ideal\IntelliJ IDEA 2020.1.1\jbr\bin\api-ms-win-crt-time-l1-1-0.dll
0x000007fef0c70000 - 0x000007fef0c73000 	D:\software\ideal\IntelliJ IDEA 2020.1.1\jbr\bin\api-ms-win-crt-utility-l1-1-0.dll
0x000007fee2300000 - 0x000007fee2dbd000 	D:\software\ideal\IntelliJ IDEA 2020.1.1\jbr\bin\server\jvm.dll
0x000007fefe200000 - 0x000007fefe2db000 	C:\Windows\system32\ADVAPI32.dll
0x000007fefe570000 - 0x000007fefe58f000 	C:\Windows\SYSTEM32\sechost.dll
0x000007fefdf90000 - 0x000007fefe0bc000 	C:\Windows\system32\RPCRT4.dll
0x000007fefc3e0000 - 0x000007fefc3e9000 	C:\Windows\system32\WSOCK32.dll
0x000007fefdcc0000 - 0x000007fefdd0d000 	C:\Windows\system32\WS2_32.dll
0x000007fefe1a0000 - 0x000007fefe1a8000 	C:\Windows\system32\NSI.dll
0x000007fefd920000 - 0x000007fefd95b000 	C:\Windows\system32\WINMM.dll
0x000007fefd3a0000 - 0x000007fefd3ac000 	C:\Windows\system32\VERSION.dll
0x00000000777e0000 - 0x00000000777e7000 	C:\Windows\system32\PSAPI.DLL
0x000007fef08e0000 - 0x000007fef08f1000 	D:\software\ideal\IntelliJ IDEA 2020.1.1\jbr\bin\verify.dll
0x000007fef9840000 - 0x000007fef9965000 	C:\Windows\system32\DBGHELP.DLL
0x000007fef08b0000 - 0x000007fef08d9000 	D:\software\ideal\IntelliJ IDEA 2020.1.1\jbr\bin\java.dll
0x000007fef0860000 - 0x000007fef0878000 	D:\software\ideal\IntelliJ IDEA 2020.1.1\jbr\bin\zip.dll
0x000007fef0850000 - 0x000007fef085b000 	D:\software\ideal\IntelliJ IDEA 2020.1.1\jbr\bin\jimage.dll

dbghelp: loaded successfully - version: 4.0.5 - missing functions: none
symbol engine: initialized successfully - sym options: 0x614 - pdb path: .;D:\software\ideal\IntelliJ IDEA 2020.1.1\jbr\bin;C:\Windows\SYSTEM32;C:\Windows\WinSxS\amd64_microsoft.windows.common-controls_6595b64144ccf1df_6.0.7601.18837_none_fa3b1e3d17594757;D:\software\ideal\IntelliJ IDEA 2020.1.1\jbr\bin\server

VM Arguments:
java_command: org.jetbrains.git4idea.http.GitAskPassApp Username for 'https://github.com': 
java_class_path (initial): D:/software/ideal/IntelliJ IDEA 2020.1.1/plugins/git4idea/lib/git4idea-rt.jar;D:/software/ideal/IntelliJ IDEA 2020.1.1/lib/xmlrpc-2.0.1.jar;D:/software/ideal/IntelliJ IDEA 2020.1.1/lib/commons-codec-1.14.jar;D:/software/ideal/IntelliJ IDEA 2020.1.1/lib/util.jar
Launcher Type: SUN_STANDARD

[Global flags]
     intx CICompilerCount                          = 3                                         {product} {ergonomic}
     uint ConcGCThreads                            = 1                                         {product} {ergonomic}
     uint G1ConcRefinementThreads                  = 4                                         {product} {ergonomic}
   size_t G1HeapRegionSize                         = 1048576                                   {product} {ergonomic}
    uintx GCDrainStackTargetSize                   = 64                                        {product} {ergonomic}
   size_t InitialHeapSize                          = 67108864                                  {product} {ergonomic}
   size_t MarkStackSize                            = 4194304                                   {product} {ergonomic}
   size_t MaxHeapSize                              = 1044381696                                {product} {ergonomic}
   size_t MinHeapDeltaBytes                        = 1048576                                   {product} {ergonomic}
    uintx NonNMethodCodeHeapSize                   = 5830732                                {pd product} {ergonomic}
    uintx NonProfiledCodeHeapSize                  = 122913754                              {pd product} {ergonomic}
    uintx ProfiledCodeHeapSize                     = 122913754                              {pd product} {ergonomic}
    uintx ReservedCodeCacheSize                    = 251658240                              {pd product} {ergonomic}
     bool SegmentedCodeCache                       = true                                      {product} {ergonomic}
     bool UseCompressedClassPointers               = true                                 {lp64_product} {ergonomic}
     bool UseCompressedOops                        = true                                 {lp64_product} {ergonomic}
     bool UseG1GC                                  = true                                      {product} {ergonomic}
     bool UseLargePagesIndividualAllocation        = false                                  {pd product} {ergonomic}

Logging:
Log output configuration:
 #0: stdout all=warning uptime,level,tags
 #1: stderr all=off uptime,level,tags

Environment Variables:
JAVA_HOME=D:\software\JDK1.8.0_74_x64
PATH=D:\gitall\git\Git\mingw64/libexec/git-core;D:\gitall\git\Git\mingw64\bin;D:\gitall\git\Git\usr\bin;C:\Users\Administrator\bin;C:\Windows\system32;C:\Windows;C:\Windows\System32\Wbem;C:\Windows\System32\WindowsPowerShell\v1.0\;D:\Windows-D盘更新软件\Win7优化大师绿色;D:\softwar;\JDK1.8.0_74_x64\bin;D:\software\新建文件夹\;C:\U;ers\Administrator\AppData\Local\Yarn\Data\global\node_modules\.bin;D:\nodejs;D:\gitall\git\Git\cmd;D:\gitall\tortoiseGit\bin;D:\software\JDK1.8.0_74_x64\bin;D:\software\JDK1.8.0_74_x64\jre\bin;C:\Users\Administrator\AppData\Local\Yarn\Data\global\node_modules\.bin;C:\Users\Administrator\AppData\Roaming\npm
USERNAME=Administrator
DISPLAY=:0.0
OS=Windows_NT
PROCESSOR_IDENTIFIER=Intel64 Family 6 Model 42 Stepping 7, GenuineIntel



---------------  S Y S T E M  ---------------

OS: Windows 7 , 64 bit Build 7601 (6.1.7601.24384)

CPU:total 4 (initial active 4) (2 cores per cpu, 2 threads per core) family 6 model 42 stepping 7, cmov, cx8, fxsr, mmx, sse, sse2, sse3, ssse3, sse4.1, sse4.2, popcnt, avx, aes, clmul, ht, tsc, tscinvbit

Memory: 4k page, system-wide physical 3978M (584M free)
TotalPageFile size 6024M (AvailPageFile size 5M)
current process WorkingSet (physical memory assigned to process): 10M, peak: 10M
current process commit charge ("private bytes"): 50M, peak: 51M

vm_info: OpenJDK 64-Bit Server VM (11.0.6+8-b765.40) for windows-amd64 JRE (11.0.6+8-b765.40), built on Apr 20 2020 14:37:21 by "" with MS VC++ 14.0 (VS2015)

END.
